
> Task :app:externalNativeBuildCleanDebug
Clean bodyscan-armeabi-v7a
Clean bodyscan-arm64-v8a
Clean bodyscan-x86
Clean bodyscan-x86_64

> Task :app:externalNativeBuildCleanRelease
Clean bodyscan-armeabi-v7a
Clean bodyscan-arm64-v8a
Clean bodyscan-x86
Clean bodyscan-x86_64

> Task :app:clean
> Task :app:preBuild UP-TO-DATE
> Task :app:preDebugBuild UP-TO-DATE
> Task :app:mergeDebugNativeDebugMetadata NO-SOURCE
> Task :app:checkKotlinGradlePluginConfigurationErrors SKIPPED
> Task :app:processDebugNavigationResources
> Task :app:compileDebugNavigationResources
> Task :app:generateDebugResValues
> Task :app:processDebugGoogleServices
> Task :app:checkDebugAarMetadata
> Task :app:mapDebugSourceSetPaths
> Task :app:generateDebugResources
> Task :app:packageDebugResources
> Task :app:createDebugCompatibleScreenManifests
> Task :app:extractDeepLinksDebug
> Task :app:parseDebugLocalResources
> Task :app:processDebugMainManifest
> Task :app:processDebugManifest
> Task :app:mergeDebugResources
> Task :app:mergeDebugShaders
> Task :app:compileDebugShaders NO-SOURCE
> Task :app:generateDebugAssets UP-TO-DATE
> Task :app:mergeDebugAssets
> Task :app:desugarDebugFileDependencies
> Task :app:javaPreCompileDebug
> Task :app:configureCMakeDebug[arm64-v8a]
> Task :app:checkDebugDuplicateClasses
> Task :app:compressDebugAssets
> Task :app:buildCMakeDebug[arm64-v8a]
> Task :app:processDebugManifestForPackage
> Task :app:mergeLibDexDebug
> Task :app:configureCMakeDebug[armeabi-v7a]
> Task :app:processDebugResources
> Task :app:buildCMakeDebug[armeabi-v7a]
> Task :app:configureCMakeDebug[x86]
> Task :app:buildCMakeDebug[x86]
> Task :app:configureCMakeDebug[x86_64]
> Task :app:buildCMakeDebug[x86_64]
> Task :app:mergeDebugJniLibFolders
> Task :app:validateSigningDebug
> Task :app:writeDebugAppMetadata
> Task :app:writeDebugSigningConfigVersions
> Task :app:mergeDebugNativeLibs
> Task :app:stripDebugDebugSymbols
> Task :app:mergeExtDexDebug
> Task :app:kaptGenerateStubsDebugKotlin

> Task :app:kaptDebugKotlin
Annotation processors discovery from compile classpath is deprecated.
Set 'kapt.include.compile.classpath=false' to disable discovery.
Run the build with '--info' for more details.

> Task :app:compileDebugKotlin
w: file:///Users/applelab4/Desktop/Arnold_Personal/Body-Scan-App/app/src/main/java/com/example/bodyscanapp/data/FirebaseAuthService.kt:6:8 'class GoogleSignIn : Any' is deprecated. Deprecated in Java.
w: file:///Users/applelab4/Desktop/Arnold_Personal/Body-Scan-App/app/src/main/java/com/example/bodyscanapp/data/FirebaseAuthService.kt:7:8 'class GoogleSignInClient : GoogleApi<GoogleSignInOptions!>' is deprecated. Deprecated in Java.
w: file:///Users/applelab4/Desktop/Arnold_Personal/Body-Scan-App/app/src/main/java/com/example/bodyscanapp/data/FirebaseAuthService.kt:8:8 'class GoogleSignInOptions : AbstractSafeParcelable, Api.ApiOptions.Optional, ReflectedParcelable' is deprecated. Deprecated in Java.
w: file:///Users/applelab4/Desktop/Arnold_Personal/Body-Scan-App/app/src/main/java/com/example/bodyscanapp/data/FirebaseAuthService.kt:47:37 'class GoogleSignInClient : GoogleApi<GoogleSignInOptions!>' is deprecated. Deprecated in Java.
w: file:///Users/applelab4/Desktop/Arnold_Personal/Body-Scan-App/app/src/main/java/com/example/bodyscanapp/data/FirebaseAuthService.kt:48:19 'class GoogleSignInOptions : AbstractSafeParcelable, Api.ApiOptions.Optional, ReflectedParcelable' is deprecated. Deprecated in Java.
w: file:///Users/applelab4/Desktop/Arnold_Personal/Body-Scan-App/app/src/main/java/com/example/bodyscanapp/data/FirebaseAuthService.kt:48:47 'class GoogleSignInOptions : AbstractSafeParcelable, Api.ApiOptions.Optional, ReflectedParcelable' is deprecated. Deprecated in Java.
w: file:///Users/applelab4/Desktop/Arnold_Personal/Body-Scan-App/app/src/main/java/com/example/bodyscanapp/data/FirebaseAuthService.kt:52:9 'class GoogleSignIn : Any' is deprecated. Deprecated in Java.
w: file:///Users/applelab4/Desktop/Arnold_Personal/Body-Scan-App/app/src/main/java/com/example/bodyscanapp/data/FirebaseAuthService.kt:242:24 'class GoogleSignIn : Any' is deprecated. Deprecated in Java.
w: file:///Users/applelab4/Desktop/Arnold_Personal/Body-Scan-App/app/src/main/java/com/example/bodyscanapp/data/FirebaseAuthService.kt:377:42 'fun fetchSignInMethodsForEmail(p0: String): Task<SignInMethodQueryResult!>' is deprecated. Deprecated in Java.
w: file:///Users/applelab4/Desktop/Arnold_Personal/Body-Scan-App/app/src/main/java/com/example/bodyscanapp/data/TotpService.kt:368:17 'fun removeTotpSetupLegacy(username: String): Unit' is deprecated. Use removeTotpSetup(uid: String) instead.
w: file:///Users/applelab4/Desktop/Arnold_Personal/Body-Scan-App/app/src/main/java/com/example/bodyscanapp/ui/screens/CaptureSequenceScreen.kt:118:26 'val LocalLifecycleOwner: ProvidableCompositionLocal<LifecycleOwner>' is deprecated. Moved to lifecycle-runtime-compose library in androidx.lifecycle.compose package.
w: file:///Users/applelab4/Desktop/Arnold_Personal/Body-Scan-App/app/src/main/java/com/example/bodyscanapp/ui/screens/CaptureSequenceScreen.kt:235:49 'val Icons.Filled.ArrowBack: ImageVector' is deprecated. Use the AutoMirrored version at Icons.AutoMirrored.Filled.ArrowBack.
w: file:///Users/applelab4/Desktop/Arnold_Personal/Body-Scan-App/app/src/main/java/com/example/bodyscanapp/ui/screens/CaptureSequenceScreen.kt:251:9 'fun LinearProgressIndicator(progress: Float, modifier: Modifier = ..., color: Color = ..., trackColor: Color = ..., strokeCap: StrokeCap = ...): Unit' is deprecated. Use the overload that takes `progress` as a lambda.
w: file:///Users/applelab4/Desktop/Arnold_Personal/Body-Scan-App/app/src/main/java/com/example/bodyscanapp/ui/screens/HistoryScreen.kt:182:49 'val Icons.Filled.ArrowBack: ImageVector' is deprecated. Use the AutoMirrored version at Icons.AutoMirrored.Filled.ArrowBack.
w: file:///Users/applelab4/Desktop/Arnold_Personal/Body-Scan-App/app/src/main/java/com/example/bodyscanapp/ui/screens/ImageCaptureScreen.kt:118:26 'val LocalLifecycleOwner: ProvidableCompositionLocal<LifecycleOwner>' is deprecated. Moved to lifecycle-runtime-compose library in androidx.lifecycle.compose package.
w: file:///Users/applelab4/Desktop/Arnold_Personal/Body-Scan-App/app/src/main/java/com/example/bodyscanapp/ui/screens/ProfileScreen.kt:158:49 'val Icons.Filled.ArrowBack: ImageVector' is deprecated. Use the AutoMirrored version at Icons.AutoMirrored.Filled.ArrowBack.
w: file:///Users/applelab4/Desktop/Arnold_Personal/Body-Scan-App/app/src/main/java/com/example/bodyscanapp/ui/screens/ProfileScreen.kt:242:25 'fun Divider(modifier: Modifier = ..., thickness: Dp = ..., color: Color = ...): Unit' is deprecated. Renamed to HorizontalDivider.
w: file:///Users/applelab4/Desktop/Arnold_Personal/Body-Scan-App/app/src/main/java/com/example/bodyscanapp/ui/screens/ProfileScreen.kt:272:25 'fun Divider(modifier: Modifier = ..., thickness: Dp = ..., color: Color = ...): Unit' is deprecated. Renamed to HorizontalDivider.
w: file:///Users/applelab4/Desktop/Arnold_Personal/Body-Scan-App/app/src/main/java/com/example/bodyscanapp/ui/screens/ProfileScreen.kt:310:25 'fun Divider(modifier: Modifier = ..., thickness: Dp = ..., color: Color = ...): Unit' is deprecated. Renamed to HorizontalDivider.
w: file:///Users/applelab4/Desktop/Arnold_Personal/Body-Scan-App/app/src/main/java/com/example/bodyscanapp/ui/screens/ProfileScreen.kt:384:25 'fun Divider(modifier: Modifier = ..., thickness: Dp = ..., color: Color = ...): Unit' is deprecated. Renamed to HorizontalDivider.
w: file:///Users/applelab4/Desktop/Arnold_Personal/Body-Scan-App/app/src/main/java/com/example/bodyscanapp/ui/screens/Result3DScreen.kt:479:49 'val Icons.Filled.ArrowBack: ImageVector' is deprecated. Use the AutoMirrored version at Icons.AutoMirrored.Filled.ArrowBack.
w: file:///Users/applelab4/Desktop/Arnold_Personal/Body-Scan-App/app/src/main/java/com/example/bodyscanapp/utils/FirebaseUtils.kt:4:8 'class GoogleSignIn : Any' is deprecated. Deprecated in Java.
w: file:///Users/applelab4/Desktop/Arnold_Personal/Body-Scan-App/app/src/main/java/com/example/bodyscanapp/utils/FirebaseUtils.kt:5:8 'class GoogleSignInClient : GoogleApi<GoogleSignInOptions!>' is deprecated. Deprecated in Java.
w: file:///Users/applelab4/Desktop/Arnold_Personal/Body-Scan-App/app/src/main/java/com/example/bodyscanapp/utils/FirebaseUtils.kt:6:8 'class GoogleSignInOptions : AbstractSafeParcelable, Api.ApiOptions.Optional, ReflectedParcelable' is deprecated. Deprecated in Java.
w: file:///Users/applelab4/Desktop/Arnold_Personal/Body-Scan-App/app/src/main/java/com/example/bodyscanapp/utils/FirebaseUtils.kt:51:50 'class GoogleSignInClient : GoogleApi<GoogleSignInOptions!>' is deprecated. Deprecated in Java.
w: file:///Users/applelab4/Desktop/Arnold_Personal/Body-Scan-App/app/src/main/java/com/example/bodyscanapp/utils/FirebaseUtils.kt:52:19 'class GoogleSignInOptions : AbstractSafeParcelable, Api.ApiOptions.Optional, ReflectedParcelable' is deprecated. Deprecated in Java.
w: file:///Users/applelab4/Desktop/Arnold_Personal/Body-Scan-App/app/src/main/java/com/example/bodyscanapp/utils/FirebaseUtils.kt:52:47 'class GoogleSignInOptions : AbstractSafeParcelable, Api.ApiOptions.Optional, ReflectedParcelable' is deprecated. Deprecated in Java.
w: file:///Users/applelab4/Desktop/Arnold_Personal/Body-Scan-App/app/src/main/java/com/example/bodyscanapp/utils/FirebaseUtils.kt:56:16 'class GoogleSignIn : Any' is deprecated. Deprecated in Java.

> Task :app:compileDebugJavaWithJavac
> Task :app:dexBuilderDebug
> Task :app:mergeDebugGlobalSynthetics
> Task :app:processDebugJavaRes
> Task :app:mergeProjectDexDebug
> Task :app:mergeDebugJavaResource
> Task :app:packageDebug
> Task :app:createDebugApkListingFileRedirect
> Task :app:assembleDebug

BUILD SUCCESSFUL in 45s
52 actionable tasks: 52 executed
